<?xml version="1.0" encoding="UTF-8"?>
<testsuite name="com.example.remainigfitness.RemainigFitnessApplicationTests" tests="1" skipped="0" failures="0" errors="0" timestamp="2024-10-31T06:59:41" hostname="ACER7" time="0.607">
  <properties/>
  <testcase name="contextLoads()" classname="com.example.remainigfitness.RemainigFitnessApplicationTests" time="0.607"/>
  <system-out><![CDATA[12:29:36.199 [Test worker] INFO org.springframework.test.context.support.AnnotationConfigContextLoaderUtils -- Could not detect default configuration classes for test class [com.example.remainigfitness.RemainigFitnessApplicationTests]: RemainigFitnessApplicationTests does not declare any static, non-private, non-final, nested classes annotated with @Configuration.
12:29:36.324 [Test worker] INFO org.springframework.boot.test.context.SpringBootTestContextBootstrapper -- Found @SpringBootConfiguration com.example.remainigfitness.RemainigFitnessApplication for test class com.example.remainigfitness.RemainigFitnessApplicationTests

  .   ____          _            __ _ _
 /\\ / ___'_ __ _ _(_)_ __  __ _ \ \ \ \
( ( )\___ | '_ | '_| | '_ \/ _` | \ \ \ \
 \\/  ___)| |_)| | | | | || (_| |  ) ) ) )
  '  |____| .__|_| |_|_| |_\__, | / / / /
 =========|_|==============|___/=/_/_/_/

 :: Spring Boot ::                (v3.3.5)

2024-10-31T12:29:36.734+05:30  INFO 21064 --- [remainingFitness] [    Test worker] c.e.r.RemainigFitnessApplicationTests    : Starting RemainigFitnessApplicationTests using Java 17.0.9 with PID 21064 (started by shiva in C:\Users\shiva\IdeaProjects\remainigFitness)
2024-10-31T12:29:36.734+05:30  INFO 21064 --- [remainingFitness] [    Test worker] c.e.r.RemainigFitnessApplicationTests    : No active profile set, falling back to 1 default profile: "default"
2024-10-31T12:29:37.479+05:30  INFO 21064 --- [remainingFitness] [    Test worker] .s.d.r.c.RepositoryConfigurationDelegate : Bootstrapping Spring Data JPA repositories in DEFAULT mode.
2024-10-31T12:29:37.542+05:30  INFO 21064 --- [remainingFitness] [    Test worker] .s.d.r.c.RepositoryConfigurationDelegate : Finished Spring Data repository scanning in 46 ms. Found 2 JPA repository interfaces.
2024-10-31T12:29:37.808+05:30  WARN 21064 --- [remainingFitness] [    Test worker] trationDelegate$BeanPostProcessorChecker : Bean 'org.springframework.ws.config.annotation.DelegatingWsConfiguration' of type [org.springframework.ws.config.annotation.DelegatingWsConfiguration$$SpringCGLIB$$0] is not eligible for getting processed by all BeanPostProcessors (for example: not eligible for auto-proxying). The currently created BeanPostProcessor [annotationActionEndpointMapping] is declared through a non-static factory method on that class; consider declaring it as static instead.
2024-10-31T12:29:37.864+05:30  INFO 21064 --- [remainingFitness] [    Test worker] .w.s.a.s.AnnotationActionEndpointMapping : Supporting [WS-Addressing August 2004, WS-Addressing 1.0]
2024-10-31T12:29:38.029+05:30  INFO 21064 --- [remainingFitness] [    Test worker] o.hibernate.jpa.internal.util.LogHelper  : HHH000204: Processing PersistenceUnitInfo [name: default]
2024-10-31T12:29:38.077+05:30  INFO 21064 --- [remainingFitness] [    Test worker] org.hibernate.Version                    : HHH000412: Hibernate ORM core version 6.5.3.Final
2024-10-31T12:29:38.093+05:30  INFO 21064 --- [remainingFitness] [    Test worker] o.h.c.internal.RegionFactoryInitiator    : HHH000026: Second-level cache disabled
2024-10-31T12:29:38.428+05:30  INFO 21064 --- [remainingFitness] [    Test worker] o.s.o.j.p.SpringPersistenceUnitInfo      : No LoadTimeWeaver setup: ignoring JPA class transformer
2024-10-31T12:29:38.456+05:30  INFO 21064 --- [remainingFitness] [    Test worker] com.zaxxer.hikari.HikariDataSource       : HikariPool-1 - Starting...
2024-10-31T12:29:39.604+05:30  INFO 21064 --- [remainingFitness] [    Test worker] com.zaxxer.hikari.pool.HikariPool        : HikariPool-1 - Added connection com.mysql.cj.jdbc.ConnectionImpl@457692cb
2024-10-31T12:29:39.604+05:30  INFO 21064 --- [remainingFitness] [    Test worker] com.zaxxer.hikari.HikariDataSource       : HikariPool-1 - Start completed.
2024-10-31T12:29:39.800+05:30  WARN 21064 --- [remainingFitness] [    Test worker] org.hibernate.orm.deprecation            : HHH90000025: MySQLDialect does not need to be specified explicitly using 'hibernate.dialect' (remove the property setting and it will be selected by default)
2024-10-31T12:29:40.531+05:30  INFO 21064 --- [remainingFitness] [    Test worker] o.h.e.t.j.p.i.JtaPlatformInitiator       : HHH000489: No JTA platform available (set 'hibernate.transaction.jta.platform' to enable JTA platform integration)
2024-10-31T12:29:41.068+05:30  INFO 21064 --- [remainingFitness] [    Test worker] j.LocalContainerEntityManagerFactoryBean : Initialized JPA EntityManagerFactory for persistence unit 'default'
2024-10-31T12:29:41.463+05:30  WARN 21064 --- [remainingFitness] [    Test worker] JpaBaseConfiguration$JpaWebConfiguration : spring.jpa.open-in-view is enabled by default. Therefore, database queries may be performed during view rendering. Explicitly configure spring.jpa.open-in-view to disable this warning
2024-10-31T12:29:41.832+05:30  INFO 21064 --- [remainingFitness] [    Test worker] c.e.r.RemainigFitnessApplicationTests    : Started RemainigFitnessApplicationTests in 5.332 seconds (process running for 6.769)
]]></system-out>
  <system-err><![CDATA[]]></system-err>
</testsuite>
